[20-Apr-2024 17:02:25 UTC] PHP Warning:  Trying to access array offset on value of type null in C:\Users\pitsk\Local Sites\travel-goo\app\public\wp-content\themes\twentytwentyone\front-page.php on line 13
[20-Apr-2024 17:06:50 UTC] PHP Warning:  Trying to access array offset on value of type null in C:\Users\pitsk\Local Sites\travel-goo\app\public\wp-content\themes\twentytwentyone\front-page.php on line 14
[20-Apr-2024 17:07:05 UTC] PHP Warning:  Trying to access array offset on value of type null in C:\Users\pitsk\Local Sites\travel-goo\app\public\wp-content\themes\twentytwentyone\front-page.php on line 14
[20-Apr-2024 17:08:08 UTC] PHP Warning:  Trying to access array offset on value of type bool in C:\Users\pitsk\Local Sites\travel-goo\app\public\wp-content\themes\twentytwentyone\front-page.php on line 14
[20-Apr-2024 17:08:25 UTC] PHP Warning:  Trying to access array offset on value of type bool in C:\Users\pitsk\Local Sites\travel-goo\app\public\wp-content\themes\twentytwentyone\front-page.php on line 14
[20-Apr-2024 17:09:04 UTC] PHP Warning:  Trying to access array offset on value of type bool in C:\Users\pitsk\Local Sites\travel-goo\app\public\wp-content\themes\twentytwentyone\front-page.php on line 21
[20-Apr-2024 17:34:00 UTC] PHP Warning:  Array to string conversion in C:\Users\pitsk\Local Sites\travel-goo\app\public\wp-content\themes\twentytwentyone\front-page.php on line 15
[20-Apr-2024 17:36:04 UTC] PHP Warning:  Array to string conversion in C:\Users\pitsk\Local Sites\travel-goo\app\public\wp-content\themes\twentytwentyone\front-page.php on line 15
[20-Apr-2024 17:39:42 UTC] PHP Warning:  Array to string conversion in C:\Users\pitsk\Local Sites\travel-goo\app\public\wp-content\themes\twentytwentyone\front-page.php on line 15
[20-Apr-2024 17:42:46 UTC] PHP Warning:  Array to string conversion in C:\Users\pitsk\Local Sites\travel-goo\app\public\wp-content\themes\twentytwentyone\front-page.php on line 15
[20-Apr-2024 17:43:17 UTC] PHP Warning:  Array to string conversion in C:\Users\pitsk\Local Sites\travel-goo\app\public\wp-content\themes\twentytwentyone\front-page.php on line 15
[20-Apr-2024 17:48:45 UTC] PHP Warning:  Array to string conversion in C:\Users\pitsk\Local Sites\travel-goo\app\public\wp-content\themes\twentytwentyone\front-page.php on line 15
[20-Apr-2024 17:51:49 UTC] PHP Warning:  Array to string conversion in C:\Users\pitsk\Local Sites\travel-goo\app\public\wp-content\themes\twentytwentyone\front-page.php on line 15
[20-Apr-2024 17:52:01 UTC] PHP Warning:  Array to string conversion in C:\Users\pitsk\Local Sites\travel-goo\app\public\wp-content\themes\twentytwentyone\front-page.php on line 15
[20-Apr-2024 17:52:23 UTC] PHP Warning:  Array to string conversion in C:\Users\pitsk\Local Sites\travel-goo\app\public\wp-content\themes\twentytwentyone\front-page.php on line 15
[20-Apr-2024 17:52:39 UTC] PHP Warning:  Array to string conversion in C:\Users\pitsk\Local Sites\travel-goo\app\public\wp-content\themes\twentytwentyone\front-page.php on line 15
[20-Apr-2024 17:52:51 UTC] PHP Warning:  Array to string conversion in C:\Users\pitsk\Local Sites\travel-goo\app\public\wp-content\themes\twentytwentyone\front-page.php on line 15
[20-Apr-2024 17:53:10 UTC] PHP Warning:  Array to string conversion in C:\Users\pitsk\Local Sites\travel-goo\app\public\wp-content\themes\twentytwentyone\front-page.php on line 15
[20-Apr-2024 17:53:19 UTC] PHP Warning:  Array to string conversion in C:\Users\pitsk\Local Sites\travel-goo\app\public\wp-content\themes\twentytwentyone\front-page.php on line 15
[20-Apr-2024 17:53:45 UTC] PHP Warning:  Array to string conversion in C:\Users\pitsk\Local Sites\travel-goo\app\public\wp-content\themes\twentytwentyone\front-page.php on line 15
[20-Apr-2024 17:53:47 UTC] PHP Warning:  Array to string conversion in C:\Users\pitsk\Local Sites\travel-goo\app\public\wp-content\themes\twentytwentyone\front-page.php on line 15
[20-Apr-2024 17:53:51 UTC] PHP Warning:  Array to string conversion in C:\Users\pitsk\Local Sites\travel-goo\app\public\wp-content\themes\twentytwentyone\front-page.php on line 15
[20-Apr-2024 17:55:10 UTC] PHP Warning:  Array to string conversion in C:\Users\pitsk\Local Sites\travel-goo\app\public\wp-content\themes\twentytwentyone\front-page.php on line 15
[20-Apr-2024 17:55:42 UTC] PHP Warning:  Array to string conversion in C:\Users\pitsk\Local Sites\travel-goo\app\public\wp-content\themes\twentytwentyone\front-page.php on line 15
[20-Apr-2024 17:55:55 UTC] PHP Warning:  Array to string conversion in C:\Users\pitsk\Local Sites\travel-goo\app\public\wp-content\themes\twentytwentyone\front-page.php on line 15
[20-Apr-2024 17:56:08 UTC] PHP Warning:  Array to string conversion in C:\Users\pitsk\Local Sites\travel-goo\app\public\wp-content\themes\twentytwentyone\front-page.php on line 15
[20-Apr-2024 17:56:58 UTC] PHP Warning:  Array to string conversion in C:\Users\pitsk\Local Sites\travel-goo\app\public\wp-content\themes\twentytwentyone\front-page.php on line 15
[20-Apr-2024 17:57:18 UTC] PHP Warning:  Array to string conversion in C:\Users\pitsk\Local Sites\travel-goo\app\public\wp-content\themes\twentytwentyone\front-page.php on line 15
[20-Apr-2024 17:58:23 UTC] PHP Warning:  Array to string conversion in C:\Users\pitsk\Local Sites\travel-goo\app\public\wp-content\themes\twentytwentyone\front-page.php on line 15
[20-Apr-2024 17:58:45 UTC] PHP Warning:  Array to string conversion in C:\Users\pitsk\Local Sites\travel-goo\app\public\wp-content\themes\twentytwentyone\front-page.php on line 15
[20-Apr-2024 17:59:07 UTC] PHP Warning:  Array to string conversion in C:\Users\pitsk\Local Sites\travel-goo\app\public\wp-content\themes\twentytwentyone\front-page.php on line 15
[20-Apr-2024 17:59:29 UTC] PHP Warning:  Array to string conversion in C:\Users\pitsk\Local Sites\travel-goo\app\public\wp-content\themes\twentytwentyone\front-page.php on line 15
[20-Apr-2024 18:01:11 UTC] PHP Warning:  Array to string conversion in C:\Users\pitsk\Local Sites\travel-goo\app\public\wp-content\themes\twentytwentyone\front-page.php on line 15
[20-Apr-2024 18:01:28 UTC] PHP Warning:  Array to string conversion in C:\Users\pitsk\Local Sites\travel-goo\app\public\wp-content\themes\twentytwentyone\front-page.php on line 15
[20-Apr-2024 18:02:01 UTC] PHP Warning:  Array to string conversion in C:\Users\pitsk\Local Sites\travel-goo\app\public\wp-content\themes\twentytwentyone\front-page.php on line 15
[20-Apr-2024 18:02:14 UTC] PHP Warning:  Array to string conversion in C:\Users\pitsk\Local Sites\travel-goo\app\public\wp-content\themes\twentytwentyone\front-page.php on line 15
[20-Apr-2024 18:02:17 UTC] PHP Warning:  Array to string conversion in C:\Users\pitsk\Local Sites\travel-goo\app\public\wp-content\themes\twentytwentyone\front-page.php on line 15
[20-Apr-2024 18:02:32 UTC] PHP Warning:  Array to string conversion in C:\Users\pitsk\Local Sites\travel-goo\app\public\wp-content\themes\twentytwentyone\front-page.php on line 15
[20-Apr-2024 18:03:31 UTC] PHP Warning:  Array to string conversion in C:\Users\pitsk\Local Sites\travel-goo\app\public\wp-content\themes\twentytwentyone\front-page.php on line 15
[20-Apr-2024 18:04:04 UTC] PHP Warning:  Array to string conversion in C:\Users\pitsk\Local Sites\travel-goo\app\public\wp-content\themes\twentytwentyone\front-page.php on line 15
[20-Apr-2024 18:04:52 UTC] PHP Warning:  Array to string conversion in C:\Users\pitsk\Local Sites\travel-goo\app\public\wp-content\themes\twentytwentyone\front-page.php on line 15
[20-Apr-2024 18:05:11 UTC] PHP Warning:  Array to string conversion in C:\Users\pitsk\Local Sites\travel-goo\app\public\wp-content\themes\twentytwentyone\front-page.php on line 15
[20-Apr-2024 18:07:31 UTC] PHP Warning:  Array to string conversion in C:\Users\pitsk\Local Sites\travel-goo\app\public\wp-content\themes\twentytwentyone\front-page.php on line 15
[20-Apr-2024 18:08:34 UTC] PHP Warning:  Array to string conversion in C:\Users\pitsk\Local Sites\travel-goo\app\public\wp-content\themes\twentytwentyone\front-page.php on line 15
[20-Apr-2024 18:08:42 UTC] PHP Warning:  Array to string conversion in C:\Users\pitsk\Local Sites\travel-goo\app\public\wp-content\themes\twentytwentyone\front-page.php on line 15
[20-Apr-2024 18:09:17 UTC] PHP Warning:  Array to string conversion in C:\Users\pitsk\Local Sites\travel-goo\app\public\wp-content\themes\twentytwentyone\front-page.php on line 15
[20-Apr-2024 18:09:51 UTC] PHP Warning:  Array to string conversion in C:\Users\pitsk\Local Sites\travel-goo\app\public\wp-content\themes\twentytwentyone\front-page.php on line 15
[20-Apr-2024 18:10:11 UTC] PHP Warning:  Array to string conversion in C:\Users\pitsk\Local Sites\travel-goo\app\public\wp-content\themes\twentytwentyone\front-page.php on line 15
[20-Apr-2024 18:10:43 UTC] PHP Warning:  Array to string conversion in C:\Users\pitsk\Local Sites\travel-goo\app\public\wp-content\themes\twentytwentyone\front-page.php on line 15
[20-Apr-2024 18:12:19 UTC] PHP Warning:  Array to string conversion in C:\Users\pitsk\Local Sites\travel-goo\app\public\wp-content\themes\twentytwentyone\front-page.php on line 15
[20-Apr-2024 18:12:37 UTC] PHP Warning:  Array to string conversion in C:\Users\pitsk\Local Sites\travel-goo\app\public\wp-content\themes\twentytwentyone\front-page.php on line 15
[20-Apr-2024 18:13:52 UTC] PHP Warning:  Array to string conversion in C:\Users\pitsk\Local Sites\travel-goo\app\public\wp-content\themes\twentytwentyone\front-page.php on line 15
[20-Apr-2024 18:13:55 UTC] PHP Warning:  Array to string conversion in C:\Users\pitsk\Local Sites\travel-goo\app\public\wp-content\themes\twentytwentyone\front-page.php on line 15
[20-Apr-2024 18:14:09 UTC] PHP Warning:  Array to string conversion in C:\Users\pitsk\Local Sites\travel-goo\app\public\wp-content\themes\twentytwentyone\front-page.php on line 15
[20-Apr-2024 18:14:19 UTC] PHP Warning:  Array to string conversion in C:\Users\pitsk\Local Sites\travel-goo\app\public\wp-content\themes\twentytwentyone\front-page.php on line 15
[20-Apr-2024 18:16:32 UTC] PHP Warning:  Array to string conversion in C:\Users\pitsk\Local Sites\travel-goo\app\public\wp-content\themes\twentytwentyone\front-page.php on line 15
[20-Apr-2024 18:17:06 UTC] PHP Warning:  Array to string conversion in C:\Users\pitsk\Local Sites\travel-goo\app\public\wp-content\themes\twentytwentyone\front-page.php on line 15
[20-Apr-2024 18:18:39 UTC] PHP Warning:  Array to string conversion in C:\Users\pitsk\Local Sites\travel-goo\app\public\wp-content\themes\twentytwentyone\front-page.php on line 15
[20-Apr-2024 18:23:02 UTC] PHP Warning:  Array to string conversion in C:\Users\pitsk\Local Sites\travel-goo\app\public\wp-content\themes\twentytwentyone\front-page.php on line 15
[20-Apr-2024 18:23:48 UTC] PHP Warning:  Array to string conversion in C:\Users\pitsk\Local Sites\travel-goo\app\public\wp-content\themes\twentytwentyone\front-page.php on line 15
[20-Apr-2024 18:24:20 UTC] PHP Warning:  Array to string conversion in C:\Users\pitsk\Local Sites\travel-goo\app\public\wp-content\themes\twentytwentyone\front-page.php on line 15
[20-Apr-2024 18:24:22 UTC] PHP Warning:  Array to string conversion in C:\Users\pitsk\Local Sites\travel-goo\app\public\wp-content\themes\twentytwentyone\front-page.php on line 15
[20-Apr-2024 18:26:19 UTC] PHP Warning:  Array to string conversion in C:\Users\pitsk\Local Sites\travel-goo\app\public\wp-content\themes\twentytwentyone\front-page.php on line 15
[20-Apr-2024 18:26:41 UTC] PHP Warning:  Array to string conversion in C:\Users\pitsk\Local Sites\travel-goo\app\public\wp-content\themes\twentytwentyone\front-page.php on line 15
[20-Apr-2024 18:27:22 UTC] PHP Warning:  Array to string conversion in C:\Users\pitsk\Local Sites\travel-goo\app\public\wp-content\themes\twentytwentyone\front-page.php on line 15
[21-Apr-2024 10:15:01 UTC] PHP Warning:  Array to string conversion in C:\Users\pitsk\Local Sites\travel-goo\app\public\wp-content\themes\twentytwentyone\front-page.php on line 15
[21-Apr-2024 10:22:58 UTC] PHP Warning:  Array to string conversion in C:\Users\pitsk\Local Sites\travel-goo\app\public\wp-content\themes\twentytwentyone\front-page.php on line 15
[21-Apr-2024 11:03:04 UTC] PHP Warning:  Array to string conversion in C:\Users\pitsk\Local Sites\travel-goo\app\public\wp-content\themes\twentytwentyone\front-page.php on line 15
[21-Apr-2024 11:36:27 UTC] PHP Warning:  Array to string conversion in C:\Users\pitsk\Local Sites\travel-goo\app\public\wp-content\themes\twentytwentyone\front-page.php on line 15
[21-Apr-2024 14:32:45 UTC] PHP Warning:  Array to string conversion in C:\Users\pitsk\Local Sites\travel-goo\app\public\wp-content\themes\twentytwentyone\front-page.php on line 15
[21-Apr-2024 14:34:40 UTC] PHP Warning:  Array to string conversion in C:\Users\pitsk\Local Sites\travel-goo\app\public\wp-content\themes\twentytwentyone\front-page.php on line 15
[21-Apr-2024 14:48:59 UTC] PHP Warning:  Array to string conversion in C:\Users\pitsk\Local Sites\travel-goo\app\public\wp-content\themes\twentytwentyone\front-page.php on line 14
[21-Apr-2024 14:49:17 UTC] PHP Warning:  Array to string conversion in C:\Users\pitsk\Local Sites\travel-goo\app\public\wp-content\themes\twentytwentyone\front-page.php on line 14
[21-Apr-2024 14:49:49 UTC] PHP Warning:  Array to string conversion in C:\Users\pitsk\Local Sites\travel-goo\app\public\wp-content\themes\twentytwentyone\front-page.php on line 14
[21-Apr-2024 14:51:00 UTC] PHP Parse error:  syntax error, unexpected token "<", expecting end of file in C:\Users\pitsk\Local Sites\travel-goo\app\public\wp-content\themes\twentytwentyone\front-page.php on line 24
[21-Apr-2024 14:51:14 UTC] PHP Warning:  Array to string conversion in C:\Users\pitsk\Local Sites\travel-goo\app\public\wp-content\themes\twentytwentyone\front-page.php on line 14
[21-Apr-2024 14:51:14 UTC] PHP Warning:  Array to string conversion in C:\Users\pitsk\Local Sites\travel-goo\app\public\wp-content\themes\twentytwentyone\front-page.php on line 44
[21-Apr-2024 14:51:14 UTC] PHP Warning:  Undefined array key "21icon" in C:\Users\pitsk\Local Sites\travel-goo\app\public\wp-content\themes\twentytwentyone\front-page.php on line 38
[21-Apr-2024 14:51:14 UTC] PHP Warning:  Undefined array key "21title" in C:\Users\pitsk\Local Sites\travel-goo\app\public\wp-content\themes\twentytwentyone\front-page.php on line 39
[21-Apr-2024 14:51:14 UTC] PHP Warning:  Undefined array key "21text" in C:\Users\pitsk\Local Sites\travel-goo\app\public\wp-content\themes\twentytwentyone\front-page.php on line 40
[21-Apr-2024 14:51:14 UTC] PHP Warning:  Undefined array key "21icon" in C:\Users\pitsk\Local Sites\travel-goo\app\public\wp-content\themes\twentytwentyone\front-page.php on line 38
[21-Apr-2024 14:51:14 UTC] PHP Warning:  Undefined array key "21title" in C:\Users\pitsk\Local Sites\travel-goo\app\public\wp-content\themes\twentytwentyone\front-page.php on line 39
[21-Apr-2024 14:51:14 UTC] PHP Warning:  Undefined array key "21text" in C:\Users\pitsk\Local Sites\travel-goo\app\public\wp-content\themes\twentytwentyone\front-page.php on line 40
[21-Apr-2024 14:53:04 UTC] PHP Warning:  Array to string conversion in C:\Users\pitsk\Local Sites\travel-goo\app\public\wp-content\themes\twentytwentyone\front-page.php on line 14
[21-Apr-2024 14:55:47 UTC] PHP Warning:  Array to string conversion in C:\Users\pitsk\Local Sites\travel-goo\app\public\wp-content\themes\twentytwentyone\front-page.php on line 14
[21-Apr-2024 14:56:06 UTC] PHP Warning:  Array to string conversion in C:\Users\pitsk\Local Sites\travel-goo\app\public\wp-content\themes\twentytwentyone\front-page.php on line 14
[21-Apr-2024 14:57:05 UTC] PHP Warning:  Array to string conversion in C:\Users\pitsk\Local Sites\travel-goo\app\public\wp-content\themes\twentytwentyone\front-page.php on line 14
[21-Apr-2024 15:00:06 UTC] PHP Warning:  Array to string conversion in C:\Users\pitsk\Local Sites\travel-goo\app\public\wp-content\themes\twentytwentyone\front-page.php on line 14
[21-Apr-2024 15:01:14 UTC] PHP Warning:  Array to string conversion in C:\Users\pitsk\Local Sites\travel-goo\app\public\wp-content\themes\twentytwentyone\front-page.php on line 15
[21-Apr-2024 15:01:19 UTC] PHP Warning:  Array to string conversion in C:\Users\pitsk\Local Sites\travel-goo\app\public\wp-content\themes\twentytwentyone\front-page.php on line 15
[21-Apr-2024 15:01:37 UTC] PHP Warning:  Array to string conversion in C:\Users\pitsk\Local Sites\travel-goo\app\public\wp-content\themes\twentytwentyone\front-page.php on line 15
[21-Apr-2024 15:04:01 UTC] PHP Warning:  Array to string conversion in C:\Users\pitsk\Local Sites\travel-goo\app\public\wp-content\themes\twentytwentyone\front-page.php on line 15
[21-Apr-2024 15:04:21 UTC] PHP Warning:  Array to string conversion in C:\Users\pitsk\Local Sites\travel-goo\app\public\wp-content\themes\twentytwentyone\front-page.php on line 15
[21-Apr-2024 15:04:43 UTC] PHP Warning:  Array to string conversion in C:\Users\pitsk\Local Sites\travel-goo\app\public\wp-content\themes\twentytwentyone\front-page.php on line 15
[21-Apr-2024 15:05:24 UTC] PHP Warning:  Array to string conversion in C:\Users\pitsk\Local Sites\travel-goo\app\public\wp-content\themes\twentytwentyone\front-page.php on line 15
[21-Apr-2024 15:09:05 UTC] PHP Warning:  Array to string conversion in C:\Users\pitsk\Local Sites\travel-goo\app\public\wp-content\themes\twentytwentyone\front-page.php on line 15
[21-Apr-2024 15:16:58 UTC] PHP Warning:  Array to string conversion in C:\Users\pitsk\Local Sites\travel-goo\app\public\wp-content\themes\twentytwentyone\front-page.php on line 15
[21-Apr-2024 15:17:34 UTC] PHP Warning:  Array to string conversion in C:\Users\pitsk\Local Sites\travel-goo\app\public\wp-content\themes\twentytwentyone\front-page.php on line 15
[21-Apr-2024 15:18:11 UTC] PHP Warning:  Array to string conversion in C:\Users\pitsk\Local Sites\travel-goo\app\public\wp-content\themes\twentytwentyone\front-page.php on line 15
[21-Apr-2024 15:18:12 UTC] PHP Warning:  Array to string conversion in C:\Users\pitsk\Local Sites\travel-goo\app\public\wp-content\themes\twentytwentyone\front-page.php on line 15
[21-Apr-2024 15:18:14 UTC] PHP Warning:  Array to string conversion in C:\Users\pitsk\Local Sites\travel-goo\app\public\wp-content\themes\twentytwentyone\front-page.php on line 15
[21-Apr-2024 15:18:19 UTC] PHP Warning:  Array to string conversion in C:\Users\pitsk\Local Sites\travel-goo\app\public\wp-content\themes\twentytwentyone\front-page.php on line 15
[21-Apr-2024 15:19:07 UTC] PHP Warning:  Array to string conversion in C:\Users\pitsk\Local Sites\travel-goo\app\public\wp-content\themes\twentytwentyone\front-page.php on line 15
[21-Apr-2024 15:19:09 UTC] PHP Warning:  Array to string conversion in C:\Users\pitsk\Local Sites\travel-goo\app\public\wp-content\themes\twentytwentyone\front-page.php on line 15
[21-Apr-2024 15:19:19 UTC] PHP Warning:  Array to string conversion in C:\Users\pitsk\Local Sites\travel-goo\app\public\wp-content\themes\twentytwentyone\front-page.php on line 15
[21-Apr-2024 15:42:21 UTC] PHP Warning:  Array to string conversion in C:\Users\pitsk\Local Sites\travel-goo\app\public\wp-content\themes\twentytwentyone\front-page.php on line 45
[21-Apr-2024 15:42:21 UTC] PHP Warning:  Undefined array key "21icon" in C:\Users\pitsk\Local Sites\travel-goo\app\public\wp-content\themes\twentytwentyone\front-page.php on line 39
[21-Apr-2024 15:42:21 UTC] PHP Warning:  Undefined array key "21title" in C:\Users\pitsk\Local Sites\travel-goo\app\public\wp-content\themes\twentytwentyone\front-page.php on line 40
[21-Apr-2024 15:42:21 UTC] PHP Warning:  Undefined array key "21text" in C:\Users\pitsk\Local Sites\travel-goo\app\public\wp-content\themes\twentytwentyone\front-page.php on line 41
[21-Apr-2024 15:42:21 UTC] PHP Warning:  Undefined array key "21icon" in C:\Users\pitsk\Local Sites\travel-goo\app\public\wp-content\themes\twentytwentyone\front-page.php on line 39
[21-Apr-2024 15:42:21 UTC] PHP Warning:  Undefined array key "21title" in C:\Users\pitsk\Local Sites\travel-goo\app\public\wp-content\themes\twentytwentyone\front-page.php on line 40
[21-Apr-2024 15:42:21 UTC] PHP Warning:  Undefined array key "21text" in C:\Users\pitsk\Local Sites\travel-goo\app\public\wp-content\themes\twentytwentyone\front-page.php on line 41
[21-Apr-2024 15:43:30 UTC] PHP Warning:  Array to string conversion in C:\Users\pitsk\Local Sites\travel-goo\app\public\wp-content\themes\twentytwentyone\front-page.php on line 46
[21-Apr-2024 15:43:30 UTC] PHP Warning:  Undefined array key "21icon" in C:\Users\pitsk\Local Sites\travel-goo\app\public\wp-content\themes\twentytwentyone\front-page.php on line 40
[21-Apr-2024 15:43:30 UTC] PHP Warning:  Undefined array key "21title" in C:\Users\pitsk\Local Sites\travel-goo\app\public\wp-content\themes\twentytwentyone\front-page.php on line 41
[21-Apr-2024 15:43:30 UTC] PHP Warning:  Undefined array key "21text" in C:\Users\pitsk\Local Sites\travel-goo\app\public\wp-content\themes\twentytwentyone\front-page.php on line 42
[21-Apr-2024 15:43:30 UTC] PHP Warning:  Undefined array key "21icon" in C:\Users\pitsk\Local Sites\travel-goo\app\public\wp-content\themes\twentytwentyone\front-page.php on line 40
[21-Apr-2024 15:43:30 UTC] PHP Warning:  Undefined array key "21title" in C:\Users\pitsk\Local Sites\travel-goo\app\public\wp-content\themes\twentytwentyone\front-page.php on line 41
[21-Apr-2024 15:43:30 UTC] PHP Warning:  Undefined array key "21text" in C:\Users\pitsk\Local Sites\travel-goo\app\public\wp-content\themes\twentytwentyone\front-page.php on line 42
[21-Apr-2024 15:50:19 UTC] PHP Parse error:  syntax error, unexpected token "else" in C:\Users\pitsk\Local Sites\travel-goo\app\public\wp-content\themes\twentytwentyone\front-page.php on line 51
[21-Apr-2024 15:52:45 UTC] PHP Parse error:  syntax error, unexpected token "else" in C:\Users\pitsk\Local Sites\travel-goo\app\public\wp-content\themes\twentytwentyone\front-page.php on line 51
[21-Apr-2024 15:52:48 UTC] PHP Parse error:  syntax error, unexpected token "else" in C:\Users\pitsk\Local Sites\travel-goo\app\public\wp-content\themes\twentytwentyone\front-page.php on line 51
[21-Apr-2024 15:55:07 UTC] PHP Warning:  Array to string conversion in C:\Users\pitsk\Local Sites\travel-goo\app\public\wp-content\themes\twentytwentyone\front-page.php on line 49
[21-Apr-2024 15:55:07 UTC] PHP Warning:  Undefined array key "22icon" in C:\Users\pitsk\Local Sites\travel-goo\app\public\wp-content\themes\twentytwentyone\front-page.php on line 43
[21-Apr-2024 15:55:07 UTC] PHP Warning:  Undefined array key "22title" in C:\Users\pitsk\Local Sites\travel-goo\app\public\wp-content\themes\twentytwentyone\front-page.php on line 44
[21-Apr-2024 15:55:07 UTC] PHP Warning:  Undefined array key "22text" in C:\Users\pitsk\Local Sites\travel-goo\app\public\wp-content\themes\twentytwentyone\front-page.php on line 45
[21-Apr-2024 15:55:07 UTC] PHP Warning:  Undefined array key "23icon" in C:\Users\pitsk\Local Sites\travel-goo\app\public\wp-content\themes\twentytwentyone\front-page.php on line 43
[21-Apr-2024 15:55:07 UTC] PHP Warning:  Undefined array key "23title" in C:\Users\pitsk\Local Sites\travel-goo\app\public\wp-content\themes\twentytwentyone\front-page.php on line 44
[21-Apr-2024 15:55:07 UTC] PHP Warning:  Undefined array key "23text" in C:\Users\pitsk\Local Sites\travel-goo\app\public\wp-content\themes\twentytwentyone\front-page.php on line 45
[21-Apr-2024 15:55:07 UTC] PHP Warning:  Undefined array key "21icon" in C:\Users\pitsk\Local Sites\travel-goo\app\public\wp-content\themes\twentytwentyone\front-page.php on line 43
[21-Apr-2024 15:55:07 UTC] PHP Warning:  Undefined array key "21title" in C:\Users\pitsk\Local Sites\travel-goo\app\public\wp-content\themes\twentytwentyone\front-page.php on line 44
[21-Apr-2024 15:55:07 UTC] PHP Warning:  Undefined array key "21text" in C:\Users\pitsk\Local Sites\travel-goo\app\public\wp-content\themes\twentytwentyone\front-page.php on line 45
[21-Apr-2024 15:55:07 UTC] PHP Warning:  Array to string conversion in C:\Users\pitsk\Local Sites\travel-goo\app\public\wp-content\themes\twentytwentyone\front-page.php on line 49
[21-Apr-2024 15:55:07 UTC] PHP Warning:  Undefined array key "23icon" in C:\Users\pitsk\Local Sites\travel-goo\app\public\wp-content\themes\twentytwentyone\front-page.php on line 43
[21-Apr-2024 15:55:07 UTC] PHP Warning:  Undefined array key "23title" in C:\Users\pitsk\Local Sites\travel-goo\app\public\wp-content\themes\twentytwentyone\front-page.php on line 44
[21-Apr-2024 15:55:07 UTC] PHP Warning:  Undefined array key "23text" in C:\Users\pitsk\Local Sites\travel-goo\app\public\wp-content\themes\twentytwentyone\front-page.php on line 45
[21-Apr-2024 15:55:07 UTC] PHP Warning:  Undefined array key "21icon" in C:\Users\pitsk\Local Sites\travel-goo\app\public\wp-content\themes\twentytwentyone\front-page.php on line 43
[21-Apr-2024 15:55:07 UTC] PHP Warning:  Undefined array key "21title" in C:\Users\pitsk\Local Sites\travel-goo\app\public\wp-content\themes\twentytwentyone\front-page.php on line 44
[21-Apr-2024 15:55:07 UTC] PHP Warning:  Undefined array key "21text" in C:\Users\pitsk\Local Sites\travel-goo\app\public\wp-content\themes\twentytwentyone\front-page.php on line 45
[21-Apr-2024 15:55:07 UTC] PHP Warning:  Undefined array key "22icon" in C:\Users\pitsk\Local Sites\travel-goo\app\public\wp-content\themes\twentytwentyone\front-page.php on line 43
[21-Apr-2024 15:55:07 UTC] PHP Warning:  Undefined array key "22title" in C:\Users\pitsk\Local Sites\travel-goo\app\public\wp-content\themes\twentytwentyone\front-page.php on line 44
[21-Apr-2024 15:55:07 UTC] PHP Warning:  Undefined array key "22text" in C:\Users\pitsk\Local Sites\travel-goo\app\public\wp-content\themes\twentytwentyone\front-page.php on line 45
[21-Apr-2024 15:55:07 UTC] PHP Warning:  Array to string conversion in C:\Users\pitsk\Local Sites\travel-goo\app\public\wp-content\themes\twentytwentyone\front-page.php on line 49
[21-Apr-2024 15:56:22 UTC] PHP Warning:  Array to string conversion in C:\Users\pitsk\Local Sites\travel-goo\app\public\wp-content\themes\twentytwentyone\front-page.php on line 50
[21-Apr-2024 15:56:22 UTC] PHP Warning:  Array to string conversion in C:\Users\pitsk\Local Sites\travel-goo\app\public\wp-content\themes\twentytwentyone\front-page.php on line 50
[21-Apr-2024 15:56:22 UTC] PHP Warning:  Array to string conversion in C:\Users\pitsk\Local Sites\travel-goo\app\public\wp-content\themes\twentytwentyone\front-page.php on line 50
[21-Apr-2024 16:00:48 UTC] PHP Warning:  Array to string conversion in C:\Users\pitsk\Local Sites\travel-goo\app\public\wp-content\themes\twentytwentyone\front-page.php on line 50
[21-Apr-2024 16:07:15 UTC] PHP Warning:  Array to string conversion in C:\Users\pitsk\Local Sites\travel-goo\app\public\wp-content\themes\twentytwentyone\front-page.php on line 50
[21-Apr-2024 16:07:15 UTC] PHP Warning:  Array to string conversion in C:\Users\pitsk\Local Sites\travel-goo\app\public\wp-content\themes\twentytwentyone\front-page.php on line 50
[21-Apr-2024 16:07:15 UTC] PHP Warning:  Array to string conversion in C:\Users\pitsk\Local Sites\travel-goo\app\public\wp-content\themes\twentytwentyone\front-page.php on line 50
[21-Apr-2024 16:15:43 UTC] PHP Warning:  Array to string conversion in C:\Users\pitsk\Local Sites\travel-goo\app\public\wp-content\themes\twentytwentyone\front-page.php on line 50
[21-Apr-2024 16:15:43 UTC] PHP Warning:  Array to string conversion in C:\Users\pitsk\Local Sites\travel-goo\app\public\wp-content\themes\twentytwentyone\front-page.php on line 50
[21-Apr-2024 16:15:43 UTC] PHP Warning:  Array to string conversion in C:\Users\pitsk\Local Sites\travel-goo\app\public\wp-content\themes\twentytwentyone\front-page.php on line 50
[21-Apr-2024 16:15:46 UTC] PHP Warning:  Array to string conversion in C:\Users\pitsk\Local Sites\travel-goo\app\public\wp-content\themes\twentytwentyone\front-page.php on line 50
[21-Apr-2024 16:15:46 UTC] PHP Warning:  Array to string conversion in C:\Users\pitsk\Local Sites\travel-goo\app\public\wp-content\themes\twentytwentyone\front-page.php on line 50
[21-Apr-2024 16:15:46 UTC] PHP Warning:  Array to string conversion in C:\Users\pitsk\Local Sites\travel-goo\app\public\wp-content\themes\twentytwentyone\front-page.php on line 50
[21-Apr-2024 17:50:12 UTC] PHP Warning:  Undefined variable $index in C:\Users\pitsk\Local Sites\travel-goo\app\public\wp-content\themes\twentytwentyone\front-page.php on line 40
[21-Apr-2024 17:50:12 UTC] PHP Warning:  Undefined variable $index in C:\Users\pitsk\Local Sites\travel-goo\app\public\wp-content\themes\twentytwentyone\front-page.php on line 40
[21-Apr-2024 17:50:12 UTC] PHP Warning:  Undefined variable $index in C:\Users\pitsk\Local Sites\travel-goo\app\public\wp-content\themes\twentytwentyone\front-page.php on line 40
[21-Apr-2024 17:50:40 UTC] PHP Warning:  Undefined variable $index in C:\Users\pitsk\Local Sites\travel-goo\app\public\wp-content\themes\twentytwentyone\front-page.php on line 40
[21-Apr-2024 17:50:40 UTC] PHP Warning:  Undefined variable $index in C:\Users\pitsk\Local Sites\travel-goo\app\public\wp-content\themes\twentytwentyone\front-page.php on line 40
[21-Apr-2024 17:50:40 UTC] PHP Warning:  Undefined variable $index in C:\Users\pitsk\Local Sites\travel-goo\app\public\wp-content\themes\twentytwentyone\front-page.php on line 40
[23-Apr-2024 06:48:11 UTC] PHP Warning:  Undefined array key "card_number" in C:\Users\pitsk\Local Sites\travel-goo\app\public\wp-content\themes\twentytwentyone\front-page.php on line 105
[23-Apr-2024 06:48:11 UTC] PHP Warning:  Undefined array key "title" in C:\Users\pitsk\Local Sites\travel-goo\app\public\wp-content\themes\twentytwentyone\front-page.php on line 108
[23-Apr-2024 06:48:11 UTC] PHP Warning:  Undefined array key "text" in C:\Users\pitsk\Local Sites\travel-goo\app\public\wp-content\themes\twentytwentyone\front-page.php on line 109
[23-Apr-2024 06:48:11 UTC] PHP Warning:  Undefined array key "card_number" in C:\Users\pitsk\Local Sites\travel-goo\app\public\wp-content\themes\twentytwentyone\front-page.php on line 105
[23-Apr-2024 06:48:11 UTC] PHP Warning:  Undefined array key "title" in C:\Users\pitsk\Local Sites\travel-goo\app\public\wp-content\themes\twentytwentyone\front-page.php on line 108
[23-Apr-2024 06:48:11 UTC] PHP Warning:  Undefined array key "text" in C:\Users\pitsk\Local Sites\travel-goo\app\public\wp-content\themes\twentytwentyone\front-page.php on line 109
[23-Apr-2024 06:48:11 UTC] PHP Warning:  Undefined array key "card_number" in C:\Users\pitsk\Local Sites\travel-goo\app\public\wp-content\themes\twentytwentyone\front-page.php on line 105
[23-Apr-2024 06:48:11 UTC] PHP Warning:  Undefined array key "title" in C:\Users\pitsk\Local Sites\travel-goo\app\public\wp-content\themes\twentytwentyone\front-page.php on line 108
[23-Apr-2024 06:48:11 UTC] PHP Warning:  Undefined array key "text" in C:\Users\pitsk\Local Sites\travel-goo\app\public\wp-content\themes\twentytwentyone\front-page.php on line 109
[23-Apr-2024 06:48:11 UTC] PHP Warning:  Undefined array key "card_number" in C:\Users\pitsk\Local Sites\travel-goo\app\public\wp-content\themes\twentytwentyone\front-page.php on line 105
[23-Apr-2024 06:48:11 UTC] PHP Warning:  Undefined array key "title" in C:\Users\pitsk\Local Sites\travel-goo\app\public\wp-content\themes\twentytwentyone\front-page.php on line 108
[23-Apr-2024 06:48:11 UTC] PHP Warning:  Undefined array key "text" in C:\Users\pitsk\Local Sites\travel-goo\app\public\wp-content\themes\twentytwentyone\front-page.php on line 109
[23-Apr-2024 06:50:13 UTC] PHP Warning:  Undefined array key "31card" in C:\Users\pitsk\Local Sites\travel-goo\app\public\wp-content\themes\twentytwentyone\front-page.php on line 105
[23-Apr-2024 06:50:13 UTC] PHP Warning:  Trying to access array offset on value of type null in C:\Users\pitsk\Local Sites\travel-goo\app\public\wp-content\themes\twentytwentyone\front-page.php on line 105
[23-Apr-2024 06:50:13 UTC] PHP Warning:  Undefined array key "31card" in C:\Users\pitsk\Local Sites\travel-goo\app\public\wp-content\themes\twentytwentyone\front-page.php on line 106
[23-Apr-2024 06:50:13 UTC] PHP Warning:  Trying to access array offset on value of type null in C:\Users\pitsk\Local Sites\travel-goo\app\public\wp-content\themes\twentytwentyone\front-page.php on line 106
[23-Apr-2024 06:50:13 UTC] PHP Warning:  Undefined array key "32card" in C:\Users\pitsk\Local Sites\travel-goo\app\public\wp-content\themes\twentytwentyone\front-page.php on line 108
[23-Apr-2024 06:50:13 UTC] PHP Warning:  Trying to access array offset on value of type null in C:\Users\pitsk\Local Sites\travel-goo\app\public\wp-content\themes\twentytwentyone\front-page.php on line 108
[23-Apr-2024 06:50:13 UTC] PHP Warning:  Undefined array key "32card" in C:\Users\pitsk\Local Sites\travel-goo\app\public\wp-content\themes\twentytwentyone\front-page.php on line 109
[23-Apr-2024 06:50:13 UTC] PHP Warning:  Trying to access array offset on value of type null in C:\Users\pitsk\Local Sites\travel-goo\app\public\wp-content\themes\twentytwentyone\front-page.php on line 109
[23-Apr-2024 06:50:13 UTC] PHP Warning:  Undefined array key "33card" in C:\Users\pitsk\Local Sites\travel-goo\app\public\wp-content\themes\twentytwentyone\front-page.php on line 111
[23-Apr-2024 06:50:13 UTC] PHP Warning:  Trying to access array offset on value of type null in C:\Users\pitsk\Local Sites\travel-goo\app\public\wp-content\themes\twentytwentyone\front-page.php on line 111
[23-Apr-2024 06:50:13 UTC] PHP Warning:  Undefined array key "33card" in C:\Users\pitsk\Local Sites\travel-goo\app\public\wp-content\themes\twentytwentyone\front-page.php on line 112
[23-Apr-2024 06:50:13 UTC] PHP Warning:  Trying to access array offset on value of type null in C:\Users\pitsk\Local Sites\travel-goo\app\public\wp-content\themes\twentytwentyone\front-page.php on line 112
[23-Apr-2024 06:50:13 UTC] PHP Warning:  Undefined array key "34card" in C:\Users\pitsk\Local Sites\travel-goo\app\public\wp-content\themes\twentytwentyone\front-page.php on line 114
[23-Apr-2024 06:50:13 UTC] PHP Warning:  Trying to access array offset on value of type null in C:\Users\pitsk\Local Sites\travel-goo\app\public\wp-content\themes\twentytwentyone\front-page.php on line 114
[23-Apr-2024 06:50:13 UTC] PHP Warning:  Undefined array key "34card" in C:\Users\pitsk\Local Sites\travel-goo\app\public\wp-content\themes\twentytwentyone\front-page.php on line 115
[23-Apr-2024 06:50:13 UTC] PHP Warning:  Trying to access array offset on value of type null in C:\Users\pitsk\Local Sites\travel-goo\app\public\wp-content\themes\twentytwentyone\front-page.php on line 115
[23-Apr-2024 06:50:13 UTC] PHP Warning:  Undefined array key "31card" in C:\Users\pitsk\Local Sites\travel-goo\app\public\wp-content\themes\twentytwentyone\front-page.php on line 105
[23-Apr-2024 06:50:13 UTC] PHP Warning:  Trying to access array offset on value of type null in C:\Users\pitsk\Local Sites\travel-goo\app\public\wp-content\themes\twentytwentyone\front-page.php on line 105
[23-Apr-2024 06:50:13 UTC] PHP Warning:  Undefined array key "31card" in C:\Users\pitsk\Local Sites\travel-goo\app\public\wp-content\themes\twentytwentyone\front-page.php on line 106
[23-Apr-2024 06:50:13 UTC] PHP Warning:  Trying to access array offset on value of type null in C:\Users\pitsk\Local Sites\travel-goo\app\public\wp-content\themes\twentytwentyone\front-page.php on line 106
[23-Apr-2024 06:50:13 UTC] PHP Warning:  Undefined array key "32card" in C:\Users\pitsk\Local Sites\travel-goo\app\public\wp-content\themes\twentytwentyone\front-page.php on line 108
[23-Apr-2024 06:50:13 UTC] PHP Warning:  Trying to access array offset on value of type null in C:\Users\pitsk\Local Sites\travel-goo\app\public\wp-content\themes\twentytwentyone\front-page.php on line 108
[23-Apr-2024 06:50:13 UTC] PHP Warning:  Undefined array key "32card" in C:\Users\pitsk\Local Sites\travel-goo\app\public\wp-content\themes\twentytwentyone\front-page.php on line 109
[23-Apr-2024 06:50:13 UTC] PHP Warning:  Trying to access array offset on value of type null in C:\Users\pitsk\Local Sites\travel-goo\app\public\wp-content\themes\twentytwentyone\front-page.php on line 109
[23-Apr-2024 06:50:13 UTC] PHP Warning:  Undefined array key "33card" in C:\Users\pitsk\Local Sites\travel-goo\app\public\wp-content\themes\twentytwentyone\front-page.php on line 111
[23-Apr-2024 06:50:13 UTC] PHP Warning:  Trying to access array offset on value of type null in C:\Users\pitsk\Local Sites\travel-goo\app\public\wp-content\themes\twentytwentyone\front-page.php on line 111
[23-Apr-2024 06:50:13 UTC] PHP Warning:  Undefined array key "33card" in C:\Users\pitsk\Local Sites\travel-goo\app\public\wp-content\themes\twentytwentyone\front-page.php on line 112
[23-Apr-2024 06:50:13 UTC] PHP Warning:  Trying to access array offset on value of type null in C:\Users\pitsk\Local Sites\travel-goo\app\public\wp-content\themes\twentytwentyone\front-page.php on line 112
[23-Apr-2024 06:50:13 UTC] PHP Warning:  Undefined array key "34card" in C:\Users\pitsk\Local Sites\travel-goo\app\public\wp-content\themes\twentytwentyone\front-page.php on line 114
[23-Apr-2024 06:50:13 UTC] PHP Warning:  Trying to access array offset on value of type null in C:\Users\pitsk\Local Sites\travel-goo\app\public\wp-content\themes\twentytwentyone\front-page.php on line 114
[23-Apr-2024 06:50:13 UTC] PHP Warning:  Undefined array key "34card" in C:\Users\pitsk\Local Sites\travel-goo\app\public\wp-content\themes\twentytwentyone\front-page.php on line 115
[23-Apr-2024 06:50:13 UTC] PHP Warning:  Trying to access array offset on value of type null in C:\Users\pitsk\Local Sites\travel-goo\app\public\wp-content\themes\twentytwentyone\front-page.php on line 115
[23-Apr-2024 06:50:13 UTC] PHP Warning:  Undefined array key "31card" in C:\Users\pitsk\Local Sites\travel-goo\app\public\wp-content\themes\twentytwentyone\front-page.php on line 105
[23-Apr-2024 06:50:13 UTC] PHP Warning:  Trying to access array offset on value of type null in C:\Users\pitsk\Local Sites\travel-goo\app\public\wp-content\themes\twentytwentyone\front-page.php on line 105
[23-Apr-2024 06:50:13 UTC] PHP Warning:  Undefined array key "31card" in C:\Users\pitsk\Local Sites\travel-goo\app\public\wp-content\themes\twentytwentyone\front-page.php on line 106
[23-Apr-2024 06:50:13 UTC] PHP Warning:  Trying to access array offset on value of type null in C:\Users\pitsk\Local Sites\travel-goo\app\public\wp-content\themes\twentytwentyone\front-page.php on line 106
[23-Apr-2024 06:50:13 UTC] PHP Warning:  Undefined array key "32card" in C:\Users\pitsk\Local Sites\travel-goo\app\public\wp-content\themes\twentytwentyone\front-page.php on line 108
[23-Apr-2024 06:50:13 UTC] PHP Warning:  Trying to access array offset on value of type null in C:\Users\pitsk\Local Sites\travel-goo\app\public\wp-content\themes\twentytwentyone\front-page.php on line 108
[23-Apr-2024 06:50:13 UTC] PHP Warning:  Undefined array key "32card" in C:\Users\pitsk\Local Sites\travel-goo\app\public\wp-content\themes\twentytwentyone\front-page.php on line 109
[23-Apr-2024 06:50:13 UTC] PHP Warning:  Trying to access array offset on value of type null in C:\Users\pitsk\Local Sites\travel-goo\app\public\wp-content\themes\twentytwentyone\front-page.php on line 109
[23-Apr-2024 06:50:13 UTC] PHP Warning:  Undefined array key "33card" in C:\Users\pitsk\Local Sites\travel-goo\app\public\wp-content\themes\twentytwentyone\front-page.php on line 111
[23-Apr-2024 06:50:13 UTC] PHP Warning:  Trying to access array offset on value of type null in C:\Users\pitsk\Local Sites\travel-goo\app\public\wp-content\themes\twentytwentyone\front-page.php on line 111
[23-Apr-2024 06:50:13 UTC] PHP Warning:  Undefined array key "33card" in C:\Users\pitsk\Local Sites\travel-goo\app\public\wp-content\themes\twentytwentyone\front-page.php on line 112
[23-Apr-2024 06:50:13 UTC] PHP Warning:  Trying to access array offset on value of type null in C:\Users\pitsk\Local Sites\travel-goo\app\public\wp-content\themes\twentytwentyone\front-page.php on line 112
[23-Apr-2024 06:50:13 UTC] PHP Warning:  Undefined array key "34card" in C:\Users\pitsk\Local Sites\travel-goo\app\public\wp-content\themes\twentytwentyone\front-page.php on line 114
[23-Apr-2024 06:50:13 UTC] PHP Warning:  Trying to access array offset on value of type null in C:\Users\pitsk\Local Sites\travel-goo\app\public\wp-content\themes\twentytwentyone\front-page.php on line 114
[23-Apr-2024 06:50:13 UTC] PHP Warning:  Undefined array key "34card" in C:\Users\pitsk\Local Sites\travel-goo\app\public\wp-content\themes\twentytwentyone\front-page.php on line 115
[23-Apr-2024 06:50:13 UTC] PHP Warning:  Trying to access array offset on value of type null in C:\Users\pitsk\Local Sites\travel-goo\app\public\wp-content\themes\twentytwentyone\front-page.php on line 115
[23-Apr-2024 06:50:13 UTC] PHP Warning:  Undefined array key "31card" in C:\Users\pitsk\Local Sites\travel-goo\app\public\wp-content\themes\twentytwentyone\front-page.php on line 105
[23-Apr-2024 06:50:13 UTC] PHP Warning:  Trying to access array offset on value of type null in C:\Users\pitsk\Local Sites\travel-goo\app\public\wp-content\themes\twentytwentyone\front-page.php on line 105
[23-Apr-2024 06:50:13 UTC] PHP Warning:  Undefined array key "31card" in C:\Users\pitsk\Local Sites\travel-goo\app\public\wp-content\themes\twentytwentyone\front-page.php on line 106
[23-Apr-2024 06:50:13 UTC] PHP Warning:  Trying to access array offset on value of type null in C:\Users\pitsk\Local Sites\travel-goo\app\public\wp-content\themes\twentytwentyone\front-page.php on line 106
[23-Apr-2024 06:50:13 UTC] PHP Warning:  Undefined array key "32card" in C:\Users\pitsk\Local Sites\travel-goo\app\public\wp-content\themes\twentytwentyone\front-page.php on line 108
[23-Apr-2024 06:50:13 UTC] PHP Warning:  Trying to access array offset on value of type null in C:\Users\pitsk\Local Sites\travel-goo\app\public\wp-content\themes\twentytwentyone\front-page.php on line 108
[23-Apr-2024 06:50:13 UTC] PHP Warning:  Undefined array key "32card" in C:\Users\pitsk\Local Sites\travel-goo\app\public\wp-content\themes\twentytwentyone\front-page.php on line 109
[23-Apr-2024 06:50:13 UTC] PHP Warning:  Trying to access array offset on value of type null in C:\Users\pitsk\Local Sites\travel-goo\app\public\wp-content\themes\twentytwentyone\front-page.php on line 109
[23-Apr-2024 06:50:13 UTC] PHP Warning:  Undefined array key "33card" in C:\Users\pitsk\Local Sites\travel-goo\app\public\wp-content\themes\twentytwentyone\front-page.php on line 111
[23-Apr-2024 06:50:13 UTC] PHP Warning:  Trying to access array offset on value of type null in C:\Users\pitsk\Local Sites\travel-goo\app\public\wp-content\themes\twentytwentyone\front-page.php on line 111
[23-Apr-2024 06:50:13 UTC] PHP Warning:  Undefined array key "33card" in C:\Users\pitsk\Local Sites\travel-goo\app\public\wp-content\themes\twentytwentyone\front-page.php on line 112
[23-Apr-2024 06:50:13 UTC] PHP Warning:  Trying to access array offset on value of type null in C:\Users\pitsk\Local Sites\travel-goo\app\public\wp-content\themes\twentytwentyone\front-page.php on line 112
[23-Apr-2024 06:50:13 UTC] PHP Warning:  Undefined array key "34card" in C:\Users\pitsk\Local Sites\travel-goo\app\public\wp-content\themes\twentytwentyone\front-page.php on line 114
[23-Apr-2024 06:50:13 UTC] PHP Warning:  Trying to access array offset on value of type null in C:\Users\pitsk\Local Sites\travel-goo\app\public\wp-content\themes\twentytwentyone\front-page.php on line 114
[23-Apr-2024 06:50:13 UTC] PHP Warning:  Undefined array key "34card" in C:\Users\pitsk\Local Sites\travel-goo\app\public\wp-content\themes\twentytwentyone\front-page.php on line 115
[23-Apr-2024 06:50:13 UTC] PHP Warning:  Trying to access array offset on value of type null in C:\Users\pitsk\Local Sites\travel-goo\app\public\wp-content\themes\twentytwentyone\front-page.php on line 115
[23-Apr-2024 06:52:02 UTC] PHP Warning:  Undefined array key "31title" in C:\Users\pitsk\Local Sites\travel-goo\app\public\wp-content\themes\twentytwentyone\front-page.php on line 105
[23-Apr-2024 06:52:02 UTC] PHP Warning:  Undefined array key "31text" in C:\Users\pitsk\Local Sites\travel-goo\app\public\wp-content\themes\twentytwentyone\front-page.php on line 106
[23-Apr-2024 06:52:02 UTC] PHP Warning:  Undefined array key "32title" in C:\Users\pitsk\Local Sites\travel-goo\app\public\wp-content\themes\twentytwentyone\front-page.php on line 105
[23-Apr-2024 06:52:02 UTC] PHP Warning:  Undefined array key "32text" in C:\Users\pitsk\Local Sites\travel-goo\app\public\wp-content\themes\twentytwentyone\front-page.php on line 106
[23-Apr-2024 06:52:02 UTC] PHP Warning:  Undefined array key "33title" in C:\Users\pitsk\Local Sites\travel-goo\app\public\wp-content\themes\twentytwentyone\front-page.php on line 105
[23-Apr-2024 06:52:02 UTC] PHP Warning:  Undefined array key "33text" in C:\Users\pitsk\Local Sites\travel-goo\app\public\wp-content\themes\twentytwentyone\front-page.php on line 106
[23-Apr-2024 06:52:02 UTC] PHP Warning:  Undefined array key "34title" in C:\Users\pitsk\Local Sites\travel-goo\app\public\wp-content\themes\twentytwentyone\front-page.php on line 105
[23-Apr-2024 06:52:02 UTC] PHP Warning:  Undefined array key "34text" in C:\Users\pitsk\Local Sites\travel-goo\app\public\wp-content\themes\twentytwentyone\front-page.php on line 106
[23-Apr-2024 07:03:42 UTC] PHP Warning:  Undefined array key "one_card_title" in C:\Users\pitsk\Local Sites\travel-goo\app\public\wp-content\themes\twentytwentyone\front-page.php on line 108
[23-Apr-2024 07:03:42 UTC] PHP Warning:  Undefined array key "one_card_text" in C:\Users\pitsk\Local Sites\travel-goo\app\public\wp-content\themes\twentytwentyone\front-page.php on line 109
[23-Apr-2024 07:03:42 UTC] PHP Warning:  Undefined array key "two_card_title" in C:\Users\pitsk\Local Sites\travel-goo\app\public\wp-content\themes\twentytwentyone\front-page.php on line 108
[23-Apr-2024 07:03:42 UTC] PHP Warning:  Undefined array key "two_card_text" in C:\Users\pitsk\Local Sites\travel-goo\app\public\wp-content\themes\twentytwentyone\front-page.php on line 109
[23-Apr-2024 07:03:42 UTC] PHP Warning:  Undefined array key "three_card_title" in C:\Users\pitsk\Local Sites\travel-goo\app\public\wp-content\themes\twentytwentyone\front-page.php on line 108
[23-Apr-2024 07:03:42 UTC] PHP Warning:  Undefined array key "three_card_text" in C:\Users\pitsk\Local Sites\travel-goo\app\public\wp-content\themes\twentytwentyone\front-page.php on line 109
[23-Apr-2024 07:03:42 UTC] PHP Warning:  Undefined array key "four_card_title" in C:\Users\pitsk\Local Sites\travel-goo\app\public\wp-content\themes\twentytwentyone\front-page.php on line 108
[23-Apr-2024 07:03:42 UTC] PHP Warning:  Undefined array key "four_card_text" in C:\Users\pitsk\Local Sites\travel-goo\app\public\wp-content\themes\twentytwentyone\front-page.php on line 109
[23-Apr-2024 07:03:46 UTC] PHP Warning:  Undefined array key "one_card_title" in C:\Users\pitsk\Local Sites\travel-goo\app\public\wp-content\themes\twentytwentyone\front-page.php on line 108
[23-Apr-2024 07:03:46 UTC] PHP Warning:  Undefined array key "one_card_text" in C:\Users\pitsk\Local Sites\travel-goo\app\public\wp-content\themes\twentytwentyone\front-page.php on line 109
[23-Apr-2024 07:03:46 UTC] PHP Warning:  Undefined array key "two_card_title" in C:\Users\pitsk\Local Sites\travel-goo\app\public\wp-content\themes\twentytwentyone\front-page.php on line 108
[23-Apr-2024 07:03:46 UTC] PHP Warning:  Undefined array key "two_card_text" in C:\Users\pitsk\Local Sites\travel-goo\app\public\wp-content\themes\twentytwentyone\front-page.php on line 109
[23-Apr-2024 07:03:46 UTC] PHP Warning:  Undefined array key "three_card_title" in C:\Users\pitsk\Local Sites\travel-goo\app\public\wp-content\themes\twentytwentyone\front-page.php on line 108
[23-Apr-2024 07:03:46 UTC] PHP Warning:  Undefined array key "three_card_text" in C:\Users\pitsk\Local Sites\travel-goo\app\public\wp-content\themes\twentytwentyone\front-page.php on line 109
[23-Apr-2024 07:03:46 UTC] PHP Warning:  Undefined array key "four_card_title" in C:\Users\pitsk\Local Sites\travel-goo\app\public\wp-content\themes\twentytwentyone\front-page.php on line 108
[23-Apr-2024 07:03:46 UTC] PHP Warning:  Undefined array key "four_card_text" in C:\Users\pitsk\Local Sites\travel-goo\app\public\wp-content\themes\twentytwentyone\front-page.php on line 109
[23-Apr-2024 07:05:29 UTC] PHP Warning:  Undefined array key "one_card_title" in C:\Users\pitsk\Local Sites\travel-goo\app\public\wp-content\themes\twentytwentyone\front-page.php on line 103
[23-Apr-2024 07:05:29 UTC] PHP Warning:  Undefined array key "one_card_text" in C:\Users\pitsk\Local Sites\travel-goo\app\public\wp-content\themes\twentytwentyone\front-page.php on line 104
[23-Apr-2024 07:05:29 UTC] PHP Warning:  Undefined array key "two_card_title" in C:\Users\pitsk\Local Sites\travel-goo\app\public\wp-content\themes\twentytwentyone\front-page.php on line 107
[23-Apr-2024 07:05:29 UTC] PHP Warning:  Undefined array key "two_card_text" in C:\Users\pitsk\Local Sites\travel-goo\app\public\wp-content\themes\twentytwentyone\front-page.php on line 108
[23-Apr-2024 07:05:29 UTC] PHP Warning:  Undefined array key "three_card_title" in C:\Users\pitsk\Local Sites\travel-goo\app\public\wp-content\themes\twentytwentyone\front-page.php on line 111
[23-Apr-2024 07:05:29 UTC] PHP Warning:  Undefined array key "three_card_text" in C:\Users\pitsk\Local Sites\travel-goo\app\public\wp-content\themes\twentytwentyone\front-page.php on line 112
[23-Apr-2024 07:05:29 UTC] PHP Warning:  Undefined array key "four_card_title" in C:\Users\pitsk\Local Sites\travel-goo\app\public\wp-content\themes\twentytwentyone\front-page.php on line 115
[23-Apr-2024 07:05:29 UTC] PHP Warning:  Undefined array key "four_card_text" in C:\Users\pitsk\Local Sites\travel-goo\app\public\wp-content\themes\twentytwentyone\front-page.php on line 116
[23-Apr-2024 07:12:46 UTC] PHP Parse error:  syntax error, unexpected token "<" in C:\Users\pitsk\Local Sites\travel-goo\app\public\wp-content\themes\twentytwentyone\front-page.php on line 134
